<?xml version="1.0" encoding="UTF-8"?>
<!-- Generated by org.testng.reporters.JUnitXMLReporter -->
<testsuite ignored="0" hostname="DESKTOP-R9HAOMR" failures="0" tests="3" name="Default test" time="0.269" errors="0" timestamp="2023-07-18T11:07:56 IST">
  <testcase classname="htgTest.VerifyCareerPage" name="@BeforeTest Openbrowser" time="-1.689658675805E9">
    <failure type="org.testng.TestNGException" message="
Can inject only one of &amp;lt;ITestContext, XmlTest&amp;gt; into a @BeforeTest annotated Openbrowser.
For more information on native dependency injection please refer to https://testng.org/doc/documentation-main.html#native-dependency-injection">
      <![CDATA[org.testng.TestNGException: 
Can inject only one of <ITestContext, XmlTest> into a @BeforeTest annotated Openbrowser.
For more information on native dependency injection please refer to https://testng.org/doc/documentation-main.html#native-dependency-injection
at org.testng.internal.Parameters.checkParameterTypes(Parameters.java:439)
at org.testng.internal.Parameters.createParametersForMethod(Parameters.java:353)
at org.testng.internal.Parameters.createParameters(Parameters.java:708)
at org.testng.internal.Parameters.createConfigurationParameters(Parameters.java:168)
at org.testng.internal.ConfigInvoker.invokeConfigurations(ConfigInvoker.java:302)
at org.testng.TestRunner.invokeTestConfigurations(TestRunner.java:637)
at org.testng.TestRunner.beforeRun(TestRunner.java:627)
at org.testng.TestRunner.run(TestRunner.java:589)
at org.testng.SuiteRunner.runTest(SuiteRunner.java:377)
at org.testng.SuiteRunner.runSequentially(SuiteRunner.java:371)
at org.testng.SuiteRunner.privateRun(SuiteRunner.java:332)
at org.testng.SuiteRunner.run(SuiteRunner.java:276)
at org.testng.SuiteRunnerWorker.runSuite(SuiteRunnerWorker.java:53)
at org.testng.SuiteRunnerWorker.run(SuiteRunnerWorker.java:96)
at org.testng.TestNG.runSuitesSequentially(TestNG.java:1212)
at org.testng.TestNG.runSuitesLocally(TestNG.java:1134)
at org.testng.TestNG.runSuites(TestNG.java:1063)
at org.testng.TestNG.run(TestNG.java:1031)
at org.testng.remote.AbstractRemoteTestNG.run(AbstractRemoteTestNG.java:115)
at org.testng.remote.RemoteTestNG.initAndRun(RemoteTestNG.java:251)
at org.testng.remote.RemoteTestNG.main(RemoteTestNG.java:77)
]]>
    </failure>
  </testcase> <!-- @BeforeTest Openbrowser -->
  <testcase classname="htgTest.VerifyCareerPage" name="@BeforeClass createPOMObject" time="-1.689658675941E9">
    <skipped/>
  </testcase> <!-- @BeforeClass createPOMObject -->
  <testcase classname="htgTest.VerifyCareerPage" name="@BeforeMethod gotoCareerPage" time="-1.689658675999E9">
    <skipped/>
  </testcase> <!-- @BeforeMethod gotoCareerPage -->
  <testcase classname="htgTest.VerifyCareerPage" name="@AfterMethod clearData" time="-1.689658676024E9">
    <skipped/>
  </testcase> <!-- @AfterMethod clearData -->
  <testcase classname="htgTest.VerifyCareerPage" name="@BeforeMethod gotoCareerPage" time="-1.689658676031E9">
    <skipped/>
  </testcase> <!-- @BeforeMethod gotoCareerPage -->
  <testcase classname="htgTest.VerifyCareerPage" name="@AfterMethod clearData" time="-1.689658676041E9">
    <skipped/>
  </testcase> <!-- @AfterMethod clearData -->
  <testcase classname="htgTest.VerifyCareerPage" name="@BeforeMethod gotoCareerPage" time="-1.689658676044E9">
    <skipped/>
  </testcase> <!-- @BeforeMethod gotoCareerPage -->
  <testcase classname="htgTest.VerifyCareerPage" name="@AfterMethod clearData" time="-1.689658676051E9">
    <skipped/>
  </testcase> <!-- @AfterMethod clearData -->
  <testcase classname="htgTest.VerifyCareerPage" name="@AfterClass clearObject" time="-1.689658676054E9">
    <skipped/>
  </testcase> <!-- @AfterClass clearObject -->
  <testcase classname="htgTest.VerifyCareerPage" name="@AfterTest closeBrowser" time="-1.689658676061E9">
    <skipped/>
  </testcase> <!-- @AfterTest closeBrowser -->
  <testcase classname="htgTest.VerifyCareerPage" name="brokenLink" time="0.0">
    <skipped/>
  </testcase> <!-- brokenLink -->
  <testcase classname="htgTest.VerifyCareerPage" name="titlePage" time="0.0">
    <skipped/>
  </testcase> <!-- titlePage -->
  <testcase classname="htgTest.VerifyCareerPage" name="verifyURL" time="0.0">
    <skipped/>
  </testcase> <!-- verifyURL -->
</testsuite> <!-- Default test -->
